2026-04-23T13:31:11.287Z [ERROR]: Error: Date is required
    at exports.getCategoryBreakdownByFilter (C:\Users\DELL\Desktop\sharpenerProjects\finsight\finsight-backend\src\services\analyticsService.js:154:22)
    at C:\Users\DELL\Desktop\sharpenerProjects\finsight\finsight-backend\src\controllers\analyticsController.js:40:39
    at C:\Users\DELL\Desktop\sharpenerProjects\finsight\finsight-backend\src\utils\asyncHandler.js:2:21
    at Layer.handleRequest (C:\Users\DELL\Desktop\sharpenerProjects\finsight\finsight-backend\node_modules\router\lib\layer.js:152:17)
    at next (C:\Users\DELL\Desktop\sharpenerProjects\finsight\finsight-backend\node_modules\router\lib\route.js:157:13)
    at isPremiumUser (C:\Users\DELL\Desktop\sharpenerProjects\finsight\finsight-backend\src\middlewares\premiumMiddleware.js:12:5)
    at process.processTicksAndRejections (node:internal/process/task_queues:103:5)
2026-04-23T13:31:57.374Z [ERROR]: Error: Date is required
    at exports.getCategoryBreakdownByFilter (C:\Users\DELL\Desktop\sharpenerProjects\finsight\finsight-backend\src\services\analyticsService.js:154:22)
    at C:\Users\DELL\Desktop\sharpenerProjects\finsight\finsight-backend\src\controllers\analyticsController.js:40:39
    at C:\Users\DELL\Desktop\sharpenerProjects\finsight\finsight-backend\src\utils\asyncHandler.js:2:21
    at Layer.handleRequest (C:\Users\DELL\Desktop\sharpenerProjects\finsight\finsight-backend\node_modules\router\lib\layer.js:152:17)
    at next (C:\Users\DELL\Desktop\sharpenerProjects\finsight\finsight-backend\node_modules\router\lib\route.js:157:13)
    at isPremiumUser (C:\Users\DELL\Desktop\sharpenerProjects\finsight\finsight-backend\src\middlewares\premiumMiddleware.js:12:5)
    at process.processTicksAndRejections (node:internal/process/task_queues:103:5)
2026-04-23T13:32:27.298Z [ERROR]: Error: Month and year are required
    at exports.getCategoryBreakdownByFilter (C:\Users\DELL\Desktop\sharpenerProjects\finsight\finsight-backend\src\services\analyticsService.js:162:13)
    at C:\Users\DELL\Desktop\sharpenerProjects\finsight\finsight-backend\src\controllers\analyticsController.js:40:39
    at C:\Users\DELL\Desktop\sharpenerProjects\finsight\finsight-backend\src\utils\asyncHandler.js:2:21
    at Layer.handleRequest (C:\Users\DELL\Desktop\sharpenerProjects\finsight\finsight-backend\node_modules\router\lib\layer.js:152:17)
    at next (C:\Users\DELL\Desktop\sharpenerProjects\finsight\finsight-backend\node_modules\router\lib\route.js:157:13)
    at isPremiumUser (C:\Users\DELL\Desktop\sharpenerProjects\finsight\finsight-backend\src\middlewares\premiumMiddleware.js:12:5)
    at process.processTicksAndRejections (node:internal/process/task_queues:103:5)
2026-04-23T13:33:48.892Z [ERROR]: Error: Invalid credentials
    at exports.loginUser (C:\Users\DELL\Desktop\sharpenerProjects\finsight\finsight-backend\src\services\authService.js:56:11)
    at async C:\Users\DELL\Desktop\sharpenerProjects\finsight\finsight-backend\src\controllers\authController.js:14:27
2026-04-23T13:34:04.649Z [ERROR]: Error: Date is required
    at exports.getCategoryBreakdownByFilter (C:\Users\DELL\Desktop\sharpenerProjects\finsight\finsight-backend\src\services\analyticsService.js:154:22)
    at C:\Users\DELL\Desktop\sharpenerProjects\finsight\finsight-backend\src\controllers\analyticsController.js:40:39
    at C:\Users\DELL\Desktop\sharpenerProjects\finsight\finsight-backend\src\utils\asyncHandler.js:2:21
    at Layer.handleRequest (C:\Users\DELL\Desktop\sharpenerProjects\finsight\finsight-backend\node_modules\router\lib\layer.js:152:17)
    at next (C:\Users\DELL\Desktop\sharpenerProjects\finsight\finsight-backend\node_modules\router\lib\route.js:157:13)
    at isPremiumUser (C:\Users\DELL\Desktop\sharpenerProjects\finsight\finsight-backend\src\middlewares\premiumMiddleware.js:12:5)
    at process.processTicksAndRejections (node:internal/process/task_queues:103:5)
2026-04-23T13:34:12.662Z [ERROR]: Error: Month and year are required
    at exports.getCategoryBreakdownByFilter (C:\Users\DELL\Desktop\sharpenerProjects\finsight\finsight-backend\src\services\analyticsService.js:162:13)
    at C:\Users\DELL\Desktop\sharpenerProjects\finsight\finsight-backend\src\controllers\analyticsController.js:40:39
    at C:\Users\DELL\Desktop\sharpenerProjects\finsight\finsight-backend\src\utils\asyncHandler.js:2:21
    at Layer.handleRequest (C:\Users\DELL\Desktop\sharpenerProjects\finsight\finsight-backend\node_modules\router\lib\layer.js:152:17)
    at next (C:\Users\DELL\Desktop\sharpenerProjects\finsight\finsight-backend\node_modules\router\lib\route.js:157:13)
    at isPremiumUser (C:\Users\DELL\Desktop\sharpenerProjects\finsight\finsight-backend\src\middlewares\premiumMiddleware.js:12:5)
    at process.processTicksAndRejections (node:internal/process/task_queues:103:5)
2026-04-23T13:38:35.279Z [ERROR]: Error: Date is required
    at exports.getCategoryBreakdownByFilter (C:\Users\DELL\Desktop\sharpenerProjects\finsight\finsight-backend\src\services\analyticsService.js:154:22)
    at C:\Users\DELL\Desktop\sharpenerProjects\finsight\finsight-backend\src\controllers\analyticsController.js:40:39
    at C:\Users\DELL\Desktop\sharpenerProjects\finsight\finsight-backend\src\utils\asyncHandler.js:2:21
    at Layer.handleRequest (C:\Users\DELL\Desktop\sharpenerProjects\finsight\finsight-backend\node_modules\router\lib\layer.js:152:17)
    at next (C:\Users\DELL\Desktop\sharpenerProjects\finsight\finsight-backend\node_modules\router\lib\route.js:157:13)
    at isPremiumUser (C:\Users\DELL\Desktop\sharpenerProjects\finsight\finsight-backend\src\middlewares\premiumMiddleware.js:12:5)
    at process.processTicksAndRejections (node:internal/process/task_queues:103:5)
2026-04-23T13:41:22.639Z [ERROR]: Error: Date is required
    at exports.getCategoryBreakdownByFilter (C:\Users\DELL\Desktop\sharpenerProjects\finsight\finsight-backend\src\services\analyticsService.js:154:22)
    at C:\Users\DELL\Desktop\sharpenerProjects\finsight\finsight-backend\src\controllers\analyticsController.js:40:39
    at C:\Users\DELL\Desktop\sharpenerProjects\finsight\finsight-backend\src\utils\asyncHandler.js:2:21
    at Layer.handleRequest (C:\Users\DELL\Desktop\sharpenerProjects\finsight\finsight-backend\node_modules\router\lib\layer.js:152:17)
    at next (C:\Users\DELL\Desktop\sharpenerProjects\finsight\finsight-backend\node_modules\router\lib\route.js:157:13)
    at isPremiumUser (C:\Users\DELL\Desktop\sharpenerProjects\finsight\finsight-backend\src\middlewares\premiumMiddleware.js:12:5)
    at process.processTicksAndRejections (node:internal/process/task_queues:103:5)
2026-04-23T13:49:42.898Z [ERROR]: ::1 - - [23/Apr/2026:13:49:42 +0000] "POST /api/auth/login HTTP/1.1" 200 563 "http://localhost:5173/" "Mozilla/5.0 (Windows NT 10.0; Win64; x64) AppleWebKit/537.36 (KHTML, like Gecko) Chrome/147.0.0.0 Safari/537.36"
2026-04-23T13:50:21.395Z [ERROR]: Error: Date is required
    at exports.getCategoryBreakdownByFilter (C:\Users\DELL\Desktop\sharpenerProjects\finsight\finsight-backend\src\services\analyticsService.js:154:22)
    at C:\Users\DELL\Desktop\sharpenerProjects\finsight\finsight-backend\src\controllers\analyticsController.js:40:39
    at C:\Users\DELL\Desktop\sharpenerProjects\finsight\finsight-backend\src\utils\asyncHandler.js:2:21
    at Layer.handleRequest (C:\Users\DELL\Desktop\sharpenerProjects\finsight\finsight-backend\node_modules\router\lib\layer.js:152:17)
    at next (C:\Users\DELL\Desktop\sharpenerProjects\finsight\finsight-backend\node_modules\router\lib\route.js:157:13)
    at isPremiumUser (C:\Users\DELL\Desktop\sharpenerProjects\finsight\finsight-backend\src\middlewares\premiumMiddleware.js:12:5)
    at process.processTicksAndRejections (node:internal/process/task_queues:103:5)
2026-04-23T13:51:11.245Z [ERROR]: Error: Month and year are required
    at exports.getCategoryBreakdownByFilter (C:\Users\DELL\Desktop\sharpenerProjects\finsight\finsight-backend\src\services\analyticsService.js:162:13)
    at C:\Users\DELL\Desktop\sharpenerProjects\finsight\finsight-backend\src\controllers\analyticsController.js:40:39
    at C:\Users\DELL\Desktop\sharpenerProjects\finsight\finsight-backend\src\utils\asyncHandler.js:2:21
    at Layer.handleRequest (C:\Users\DELL\Desktop\sharpenerProjects\finsight\finsight-backend\node_modules\router\lib\layer.js:152:17)
    at next (C:\Users\DELL\Desktop\sharpenerProjects\finsight\finsight-backend\node_modules\router\lib\route.js:157:13)
    at isPremiumUser (C:\Users\DELL\Desktop\sharpenerProjects\finsight\finsight-backend\src\middlewares\premiumMiddleware.js:12:5)
    at process.processTicksAndRejections (node:internal/process/task_queues:103:5)
2026-04-23T16:16:26.262Z [ERROR]: ::1 - - [23/Apr/2026:16:16:26 +0000] "GET /api/transactions?page=3&limit=5 HTTP/1.1" 200 593 "http://localhost:5173/" "Mozilla/5.0 (Windows NT 10.0; Win64; x64) AppleWebKit/537.36 (KHTML, like Gecko) Chrome/147.0.0.0 Safari/537.36"
2026-04-23T16:24:25.813Z [ERROR]: TypeError: orderRepo.getOrderByOrderId is not a function
    at exports.verifyPayment (C:\Users\DELL\Desktop\sharpenerProjects\finsight\finsight-backend\src\services\paymentService.js:69:41)
    at C:\Users\DELL\Desktop\sharpenerProjects\finsight\finsight-backend\src\controllers\paymentController.js:17:26
    at C:\Users\DELL\Desktop\sharpenerProjects\finsight\finsight-backend\src\utils\asyncHandler.js:2:21
    at Layer.handleRequest (C:\Users\DELL\Desktop\sharpenerProjects\finsight\finsight-backend\node_modules\router\lib\layer.js:152:17)
    at next (C:\Users\DELL\Desktop\sharpenerProjects\finsight\finsight-backend\node_modules\router\lib\route.js:157:13)
    at exports.protect (C:\Users\DELL\Desktop\sharpenerProjects\finsight\finsight-backend\src\middlewares\authMiddleware.js:28:5)
    at process.processTicksAndRejections (node:internal/process/task_queues:103:5)
2026-04-23T16:24:25.832Z [ERROR]: ::1 - - [23/Apr/2026:16:24:25 +0000] "POST /api/payments/verify HTTP/1.1" 400 57 "http://localhost:5173/" "Mozilla/5.0 (Windows NT 10.0; Win64; x64) AppleWebKit/537.36 (KHTML, like Gecko) Chrome/147.0.0.0 Safari/537.36"
2026-04-23T16:29:44.955Z [ERROR]: ::1 - - [23/Apr/2026:16:29:44 +0000] "POST /api/auth/login HTTP/1.1" 200 563 "http://localhost:5173/" "Mozilla/5.0 (Windows NT 10.0; Win64; x64) AppleWebKit/537.36 (KHTML, like Gecko) Chrome/147.0.0.0 Safari/537.36"
2026-04-24T06:06:00.607Z [ERROR]: TypeError: orderRepo.getOrderByOrderId is not a function
    at exports.verifyPayment (C:\Users\DELL\Desktop\sharpenerProjects\finsight\finsight-backend\src\services\paymentService.js:69:41)
    at C:\Users\DELL\Desktop\sharpenerProjects\finsight\finsight-backend\src\controllers\paymentController.js:17:26
    at C:\Users\DELL\Desktop\sharpenerProjects\finsight\finsight-backend\src\utils\asyncHandler.js:2:21
    at Layer.handleRequest (C:\Users\DELL\Desktop\sharpenerProjects\finsight\finsight-backend\node_modules\router\lib\layer.js:152:17)
    at next (C:\Users\DELL\Desktop\sharpenerProjects\finsight\finsight-backend\node_modules\router\lib\route.js:157:13)
    at exports.protect (C:\Users\DELL\Desktop\sharpenerProjects\finsight\finsight-backend\src\middlewares\authMiddleware.js:28:5)
    at process.processTicksAndRejections (node:internal/process/task_queues:103:5)
2026-04-24T06:06:00.614Z [ERROR]: ::1 - - [24/Apr/2026:06:06:00 +0000] "POST /api/payments/verify HTTP/1.1" 400 57 "http://localhost:5173/" "Mozilla/5.0 (Windows NT 10.0; Win64; x64) AppleWebKit/537.36 (KHTML, like Gecko) Chrome/147.0.0.0 Safari/537.36"
2026-04-24T06:09:25.377Z [ERROR]: ::1 - - [24/Apr/2026:06:09:25 +0000] "GET /api/transactions?page=1&limit=5 HTTP/1.1" 200 598 "http://localhost:5173/" "Mozilla/5.0 (Windows NT 10.0; Win64; x64) AppleWebKit/537.36 (KHTML, like Gecko) Chrome/147.0.0.0 Safari/537.36"
2026-04-24T06:16:51.380Z [ERROR]: MongoServerSelectionError: getaddrinfo ENOTFOUND ac-yevtglv-shard-00-00.qleamwa.mongodb.net
    at Topology.selectServer (C:\Users\DELL\Desktop\sharpenerProjects\finsight\finsight-backend\node_modules\mongodb\lib\sdam\topology.js:347:38)
    at async tryOperation (C:\Users\DELL\Desktop\sharpenerProjects\finsight\finsight-backend\node_modules\mongodb\lib\operations\execute_operation.js:199:22)
    at async executeOperation (C:\Users\DELL\Desktop\sharpenerProjects\finsight\finsight-backend\node_modules\mongodb\lib\operations\execute_operation.js:80:16)
    at async FindCursor._initialize (C:\Users\DELL\Desktop\sharpenerProjects\finsight\finsight-backend\node_modules\mongodb\lib\cursor\find_cursor.js:62:26)
    at async FindCursor.cursorInit (C:\Users\DELL\Desktop\sharpenerProjects\finsight\finsight-backend\node_modules\mongodb\lib\cursor\abstract_cursor.js:620:27)
    at async FindCursor.fetchBatch (C:\Users\DELL\Desktop\sharpenerProjects\finsight\finsight-backend\node_modules\mongodb\lib\cursor\abstract_cursor.js:654:13)
    at async FindCursor.next (C:\Users\DELL\Desktop\sharpenerProjects\finsight\finsight-backend\node_modules\mongodb\lib\cursor\abstract_cursor.js:326:17)
    at async Collection.findOne (C:\Users\DELL\Desktop\sharpenerProjects\finsight\finsight-backend\node_modules\mongodb\lib\collection.js:313:24)
    at async model.Query._findOne (C:\Users\DELL\Desktop\sharpenerProjects\finsight\finsight-backend\node_modules\mongoose\lib\query.js:2731:15)
    at async model.Query.exec (C:\Users\DELL\Desktop\sharpenerProjects\finsight\finsight-backend\node_modules\mongoose\lib\query.js:4726:63)
2026-04-24T06:20:56.747Z [ERROR]: ::1 - - [24/Apr/2026:06:20:56 +0000] "POST /api/auth/login HTTP/1.1" 200 563 "http://localhost:5173/" "Mozilla/5.0 (Windows NT 10.0; Win64; x64) AppleWebKit/537.36 (KHTML, like Gecko) Chrome/147.0.0.0 Safari/537.36"
